2023-02-16 00:24:50.338  INFO 5344 --- [restartedMain] kr.co.kmarket2.Kmarket2Application       : Starting Kmarket2Application using Java 17.0.5 on DESKTOP-2CD6ALJ with PID 5344 (G:\20221212pro\WorkSpace\SpringBoot\Kmarket2\target\classes started by yndgow in G:\20221212pro\WorkSpace\SpringBoot\Kmarket2)
2023-02-16 00:24:50.343  INFO 5344 --- [restartedMain] kr.co.kmarket2.Kmarket2Application       : No active profile set, falling back to 1 default profile: "default"
2023-02-16 00:24:50.404  INFO 5344 --- [restartedMain] .e.DevToolsPropertyDefaultsPostProcessor : Devtools property defaults active! Set 'spring.devtools.add-properties' to 'false' to disable
2023-02-16 00:24:50.405  INFO 5344 --- [restartedMain] .e.DevToolsPropertyDefaultsPostProcessor : For additional web related logging consider setting the 'logging.level.web' property to 'DEBUG'
2023-02-16 00:24:51.077  INFO 5344 --- [restartedMain] .s.d.r.c.RepositoryConfigurationDelegate : Bootstrapping Spring Data JPA repositories in DEFAULT mode.
2023-02-16 00:24:51.132  INFO 5344 --- [restartedMain] .s.d.r.c.RepositoryConfigurationDelegate : Finished Spring Data repository scanning in 45 ms. Found 2 JPA repository interfaces.
2023-02-16 00:24:51.790  INFO 5344 --- [restartedMain] o.s.b.w.embedded.tomcat.TomcatWebServer  : Tomcat initialized with port(s): 8080 (http)
2023-02-16 00:24:51.807  INFO 5344 --- [restartedMain] o.apache.catalina.core.StandardService   : Starting service [Tomcat]
2023-02-16 00:24:51.808  INFO 5344 --- [restartedMain] org.apache.catalina.core.StandardEngine  : Starting Servlet engine: [Apache Tomcat/9.0.71]
2023-02-16 00:24:51.897  INFO 5344 --- [restartedMain] o.a.c.c.C.[.[localhost].[/kmarket2]      : Initializing Spring embedded WebApplicationContext
2023-02-16 00:24:51.898  INFO 5344 --- [restartedMain] w.s.c.ServletWebServerApplicationContext : Root WebApplicationContext: initialization completed in 1492 ms
2023-02-16 00:24:52.089  INFO 5344 --- [restartedMain] o.hibernate.jpa.internal.util.LogHelper  : HHH000204: Processing PersistenceUnitInfo [name: default]
2023-02-16 00:24:52.147  INFO 5344 --- [restartedMain] org.hibernate.Version                    : HHH000412: Hibernate ORM core version 5.6.14.Final
2023-02-16 00:24:52.317  INFO 5344 --- [restartedMain] o.hibernate.annotations.common.Version   : HCANN000001: Hibernate Commons Annotations {5.1.2.Final}
2023-02-16 00:24:52.429  INFO 5344 --- [restartedMain] com.zaxxer.hikari.HikariDataSource       : HikariPool-1 - Starting...
2023-02-16 00:24:52.708  INFO 5344 --- [restartedMain] com.zaxxer.hikari.HikariDataSource       : HikariPool-1 - Start completed.
2023-02-16 00:24:52.725  INFO 5344 --- [restartedMain] org.hibernate.dialect.Dialect            : HHH000400: Using dialect: org.hibernate.dialect.MySQL5InnoDBDialect
2023-02-16 00:24:53.233  INFO 5344 --- [restartedMain] org.hibernate.tuple.PojoInstantiator     : HHH000182: No default (no-argument) constructor for class: kr.co.kmarket2.entity.MemberEntity (class must be instantiated by Interceptor)
2023-02-16 00:24:53.590  INFO 5344 --- [restartedMain] o.h.e.t.j.p.i.JtaPlatformInitiator       : HHH000490: Using JtaPlatform implementation: [org.hibernate.engine.transaction.jta.platform.internal.NoJtaPlatform]
2023-02-16 00:24:53.601  INFO 5344 --- [restartedMain] j.LocalContainerEntityManagerFactoryBean : Initialized JPA EntityManagerFactory for persistence unit 'default'
2023-02-16 00:24:54.136  WARN 5344 --- [restartedMain] .s.s.UserDetailsServiceAutoConfiguration : 

Using generated security password: aee472a7-5687-4ac7-bc0e-395f5026c367

This generated password is for development use only. Your security configuration must be updated before running your application in production.

2023-02-16 00:24:54.222  INFO 5344 --- [restartedMain] o.s.s.web.DefaultSecurityFilterChain     : Will secure any request with [org.springframework.security.web.session.DisableEncodeUrlFilter@3c843f3a, org.springframework.security.web.context.request.async.WebAsyncManagerIntegrationFilter@650ae543, org.springframework.security.web.context.SecurityContextPersistenceFilter@1677c65d, org.springframework.security.web.header.HeaderWriterFilter@7abcbd22, org.springframework.security.web.authentication.logout.LogoutFilter@26637697, org.springframework.security.web.savedrequest.RequestCacheAwareFilter@5a2dc253, org.springframework.security.web.servletapi.SecurityContextHolderAwareRequestFilter@24f81c80, org.springframework.security.web.authentication.AnonymousAuthenticationFilter@5e799c68, org.springframework.security.web.session.SessionManagementFilter@5a9b936, org.springframework.security.web.access.ExceptionTranslationFilter@39b4df8, org.springframework.security.web.access.intercept.AuthorizationFilter@594012e3]
2023-02-16 00:24:54.301  WARN 5344 --- [restartedMain] JpaBaseConfiguration$JpaWebConfiguration : spring.jpa.open-in-view is enabled by default. Therefore, database queries may be performed during view rendering. Explicitly configure spring.jpa.open-in-view to disable this warning
2023-02-16 00:24:54.523  INFO 5344 --- [restartedMain] o.s.b.a.w.s.WelcomePageHandlerMapping    : Adding welcome page template: index
2023-02-16 00:24:54.760  INFO 5344 --- [restartedMain] o.s.b.d.a.OptionalLiveReloadServer       : LiveReload server is running on port 35729
2023-02-16 00:24:54.807  INFO 5344 --- [restartedMain] o.s.b.w.embedded.tomcat.TomcatWebServer  : Tomcat started on port(s): 8080 (http) with context path '/kmarket2'
2023-02-16 00:24:54.827  INFO 5344 --- [restartedMain] kr.co.kmarket2.Kmarket2Application       : Started Kmarket2Application in 4.884 seconds (JVM running for 5.719)
2023-02-16 00:25:00.784  INFO 5344 --- [http-nio-8080-exec-4] o.a.c.c.C.[.[localhost].[/kmarket2]      : Initializing Spring DispatcherServlet 'dispatcherServlet'
2023-02-16 00:25:00.784  INFO 5344 --- [http-nio-8080-exec-4] o.s.web.servlet.DispatcherServlet        : Initializing Servlet 'dispatcherServlet'
2023-02-16 00:25:00.785  INFO 5344 --- [http-nio-8080-exec-4] o.s.web.servlet.DispatcherServlet        : Completed initialization in 1 ms
2023-02-16 00:27:20.743  INFO 5344 --- [RMI TCP Connection(6)-127.0.0.1] inMXBeanRegistrar$SpringApplicationAdmin : Application shutdown requested.
2023-02-16 00:27:20.754  INFO 5344 --- [RMI TCP Connection(6)-127.0.0.1] o.apache.catalina.core.StandardService   : Stopping service [Tomcat]
2023-02-16 00:27:20.756  INFO 5344 --- [RMI TCP Connection(6)-127.0.0.1] o.a.c.c.C.[.[localhost].[/kmarket2]      : Destroying Spring FrameworkServlet 'dispatcherServlet'
2023-02-16 00:27:20.762  INFO 5344 --- [RMI TCP Connection(6)-127.0.0.1] j.LocalContainerEntityManagerFactoryBean : Closing JPA EntityManagerFactory for persistence unit 'default'
2023-02-16 00:27:20.764  INFO 5344 --- [RMI TCP Connection(6)-127.0.0.1] com.zaxxer.hikari.HikariDataSource       : HikariPool-1 - Shutdown initiated...
2023-02-16 00:27:20.771  INFO 5344 --- [RMI TCP Connection(6)-127.0.0.1] com.zaxxer.hikari.HikariDataSource       : HikariPool-1 - Shutdown completed.
2023-02-16 00:27:26.734  INFO 8620 --- [restartedMain] kr.co.kmarket2.Kmarket2Application       : Starting Kmarket2Application using Java 17.0.5 on DESKTOP-2CD6ALJ with PID 8620 (G:\20221212pro\WorkSpace\SpringBoot\Kmarket2\target\classes started by yndgow in G:\20221212pro\WorkSpace\SpringBoot\Kmarket2)
2023-02-16 00:27:26.735  INFO 8620 --- [restartedMain] kr.co.kmarket2.Kmarket2Application       : No active profile set, falling back to 1 default profile: "default"
2023-02-16 00:27:26.814  INFO 8620 --- [restartedMain] .e.DevToolsPropertyDefaultsPostProcessor : Devtools property defaults active! Set 'spring.devtools.add-properties' to 'false' to disable
2023-02-16 00:27:26.815  INFO 8620 --- [restartedMain] .e.DevToolsPropertyDefaultsPostProcessor : For additional web related logging consider setting the 'logging.level.web' property to 'DEBUG'
2023-02-16 00:27:27.823  INFO 8620 --- [restartedMain] .s.d.r.c.RepositoryConfigurationDelegate : Bootstrapping Spring Data JPA repositories in DEFAULT mode.
2023-02-16 00:27:27.895  INFO 8620 --- [restartedMain] .s.d.r.c.RepositoryConfigurationDelegate : Finished Spring Data repository scanning in 61 ms. Found 2 JPA repository interfaces.
2023-02-16 00:27:28.674  INFO 8620 --- [restartedMain] o.s.b.w.embedded.tomcat.TomcatWebServer  : Tomcat initialized with port(s): 8080 (http)
2023-02-16 00:27:28.685  INFO 8620 --- [restartedMain] o.apache.catalina.core.StandardService   : Starting service [Tomcat]
2023-02-16 00:27:28.686  INFO 8620 --- [restartedMain] org.apache.catalina.core.StandardEngine  : Starting Servlet engine: [Apache Tomcat/9.0.71]
2023-02-16 00:27:28.777  INFO 8620 --- [restartedMain] o.a.c.c.C.[.[localhost].[/kmarket2]      : Initializing Spring embedded WebApplicationContext
2023-02-16 00:27:28.778  INFO 8620 --- [restartedMain] w.s.c.ServletWebServerApplicationContext : Root WebApplicationContext: initialization completed in 1963 ms
2023-02-16 00:27:28.990  INFO 8620 --- [restartedMain] o.hibernate.jpa.internal.util.LogHelper  : HHH000204: Processing PersistenceUnitInfo [name: default]
2023-02-16 00:27:29.046  INFO 8620 --- [restartedMain] org.hibernate.Version                    : HHH000412: Hibernate ORM core version 5.6.14.Final
2023-02-16 00:27:29.232  INFO 8620 --- [restartedMain] o.hibernate.annotations.common.Version   : HCANN000001: Hibernate Commons Annotations {5.1.2.Final}
2023-02-16 00:27:29.345  INFO 8620 --- [restartedMain] com.zaxxer.hikari.HikariDataSource       : HikariPool-1 - Starting...
2023-02-16 00:27:29.599  INFO 8620 --- [restartedMain] com.zaxxer.hikari.HikariDataSource       : HikariPool-1 - Start completed.
2023-02-16 00:27:29.618  INFO 8620 --- [restartedMain] org.hibernate.dialect.Dialect            : HHH000400: Using dialect: org.hibernate.dialect.MySQL5InnoDBDialect
2023-02-16 00:27:30.178  INFO 8620 --- [restartedMain] org.hibernate.tuple.PojoInstantiator     : HHH000182: No default (no-argument) constructor for class: kr.co.kmarket2.entity.MemberEntity (class must be instantiated by Interceptor)
2023-02-16 00:27:30.543  INFO 8620 --- [restartedMain] o.h.e.t.j.p.i.JtaPlatformInitiator       : HHH000490: Using JtaPlatform implementation: [org.hibernate.engine.transaction.jta.platform.internal.NoJtaPlatform]
2023-02-16 00:27:30.555  INFO 8620 --- [restartedMain] j.LocalContainerEntityManagerFactoryBean : Initialized JPA EntityManagerFactory for persistence unit 'default'
2023-02-16 00:27:31.215  WARN 8620 --- [restartedMain] .s.s.UserDetailsServiceAutoConfiguration : 

Using generated security password: 993d9aa1-56ca-49c8-976c-e96d82663379

This generated password is for development use only. Your security configuration must be updated before running your application in production.

2023-02-16 00:27:31.310  INFO 8620 --- [restartedMain] o.s.s.web.DefaultSecurityFilterChain     : Will secure any request with [org.springframework.security.web.session.DisableEncodeUrlFilter@11c5fccf, org.springframework.security.web.context.request.async.WebAsyncManagerIntegrationFilter@464e2039, org.springframework.security.web.context.SecurityContextPersistenceFilter@1b6d2f1d, org.springframework.security.web.header.HeaderWriterFilter@ce0d029, org.springframework.security.web.authentication.logout.LogoutFilter@6bd67067, org.springframework.security.web.savedrequest.RequestCacheAwareFilter@49ccc875, org.springframework.security.web.servletapi.SecurityContextHolderAwareRequestFilter@5f57fc90, org.springframework.security.web.authentication.AnonymousAuthenticationFilter@28427a99, org.springframework.security.web.session.SessionManagementFilter@4082ee8b, org.springframework.security.web.access.ExceptionTranslationFilter@79315afd, org.springframework.security.web.access.intercept.AuthorizationFilter@204ee24c]
2023-02-16 00:27:31.385  WARN 8620 --- [restartedMain] JpaBaseConfiguration$JpaWebConfiguration : spring.jpa.open-in-view is enabled by default. Therefore, database queries may be performed during view rendering. Explicitly configure spring.jpa.open-in-view to disable this warning
2023-02-16 00:27:31.583  INFO 8620 --- [restartedMain] o.s.b.a.w.s.WelcomePageHandlerMapping    : Adding welcome page template: index
2023-02-16 00:27:31.802  INFO 8620 --- [restartedMain] o.s.b.d.a.OptionalLiveReloadServer       : LiveReload server is running on port 35729
2023-02-16 00:27:31.861  INFO 8620 --- [restartedMain] o.s.b.w.embedded.tomcat.TomcatWebServer  : Tomcat started on port(s): 8080 (http) with context path '/kmarket2'
2023-02-16 00:27:31.873  INFO 8620 --- [restartedMain] kr.co.kmarket2.Kmarket2Application       : Started Kmarket2Application in 5.678 seconds (JVM running for 7.079)
2023-02-16 00:27:39.806  INFO 8620 --- [http-nio-8080-exec-2] o.a.c.c.C.[.[localhost].[/kmarket2]      : Initializing Spring DispatcherServlet 'dispatcherServlet'
2023-02-16 00:27:39.806  INFO 8620 --- [http-nio-8080-exec-2] o.s.web.servlet.DispatcherServlet        : Initializing Servlet 'dispatcherServlet'
2023-02-16 00:27:39.807  INFO 8620 --- [http-nio-8080-exec-2] o.s.web.servlet.DispatcherServlet        : Completed initialization in 1 ms
2023-02-16 00:30:12.199  INFO 8620 --- [RMI TCP Connection(6)-127.0.0.1] inMXBeanRegistrar$SpringApplicationAdmin : Application shutdown requested.
2023-02-16 00:30:12.210  INFO 8620 --- [RMI TCP Connection(6)-127.0.0.1] o.apache.catalina.core.StandardService   : Stopping service [Tomcat]
2023-02-16 00:30:12.211  INFO 8620 --- [RMI TCP Connection(6)-127.0.0.1] o.a.c.c.C.[.[localhost].[/kmarket2]      : Destroying Spring FrameworkServlet 'dispatcherServlet'
2023-02-16 00:30:12.221  INFO 8620 --- [RMI TCP Connection(6)-127.0.0.1] j.LocalContainerEntityManagerFactoryBean : Closing JPA EntityManagerFactory for persistence unit 'default'
2023-02-16 00:30:12.224  INFO 8620 --- [RMI TCP Connection(6)-127.0.0.1] com.zaxxer.hikari.HikariDataSource       : HikariPool-1 - Shutdown initiated...
2023-02-16 00:30:12.235  INFO 8620 --- [RMI TCP Connection(6)-127.0.0.1] com.zaxxer.hikari.HikariDataSource       : HikariPool-1 - Shutdown completed.
2023-02-16 00:30:19.251  INFO 6540 --- [restartedMain] kr.co.kmarket2.Kmarket2Application       : Starting Kmarket2Application using Java 17.0.5 on DESKTOP-2CD6ALJ with PID 6540 (G:\20221212pro\WorkSpace\SpringBoot\Kmarket2\target\classes started by yndgow in G:\20221212pro\WorkSpace\SpringBoot\Kmarket2)
2023-02-16 00:30:19.253  INFO 6540 --- [restartedMain] kr.co.kmarket2.Kmarket2Application       : No active profile set, falling back to 1 default profile: "default"
2023-02-16 00:30:19.323  INFO 6540 --- [restartedMain] .e.DevToolsPropertyDefaultsPostProcessor : Devtools property defaults active! Set 'spring.devtools.add-properties' to 'false' to disable
2023-02-16 00:30:19.323  INFO 6540 --- [restartedMain] .e.DevToolsPropertyDefaultsPostProcessor : For additional web related logging consider setting the 'logging.level.web' property to 'DEBUG'
2023-02-16 00:30:20.037  INFO 6540 --- [restartedMain] .s.d.r.c.RepositoryConfigurationDelegate : Bootstrapping Spring Data JPA repositories in DEFAULT mode.
2023-02-16 00:30:20.093  INFO 6540 --- [restartedMain] .s.d.r.c.RepositoryConfigurationDelegate : Finished Spring Data repository scanning in 47 ms. Found 2 JPA repository interfaces.
2023-02-16 00:30:20.734  INFO 6540 --- [restartedMain] o.s.b.w.embedded.tomcat.TomcatWebServer  : Tomcat initialized with port(s): 8080 (http)
2023-02-16 00:30:20.745  INFO 6540 --- [restartedMain] o.apache.catalina.core.StandardService   : Starting service [Tomcat]
2023-02-16 00:30:20.746  INFO 6540 --- [restartedMain] org.apache.catalina.core.StandardEngine  : Starting Servlet engine: [Apache Tomcat/9.0.71]
2023-02-16 00:30:20.842  INFO 6540 --- [restartedMain] o.a.c.c.C.[.[localhost].[/kmarket2]      : Initializing Spring embedded WebApplicationContext
2023-02-16 00:30:20.843  INFO 6540 --- [restartedMain] w.s.c.ServletWebServerApplicationContext : Root WebApplicationContext: initialization completed in 1519 ms
2023-02-16 00:30:21.044  INFO 6540 --- [restartedMain] o.hibernate.jpa.internal.util.LogHelper  : HHH000204: Processing PersistenceUnitInfo [name: default]
2023-02-16 00:30:21.099  INFO 6540 --- [restartedMain] org.hibernate.Version                    : HHH000412: Hibernate ORM core version 5.6.14.Final
2023-02-16 00:30:21.277  INFO 6540 --- [restartedMain] o.hibernate.annotations.common.Version   : HCANN000001: Hibernate Commons Annotations {5.1.2.Final}
2023-02-16 00:30:21.397  INFO 6540 --- [restartedMain] com.zaxxer.hikari.HikariDataSource       : HikariPool-1 - Starting...
2023-02-16 00:30:21.623  INFO 6540 --- [restartedMain] com.zaxxer.hikari.HikariDataSource       : HikariPool-1 - Start completed.
2023-02-16 00:30:21.639  INFO 6540 --- [restartedMain] org.hibernate.dialect.Dialect            : HHH000400: Using dialect: org.hibernate.dialect.MySQL5InnoDBDialect
2023-02-16 00:30:22.126  INFO 6540 --- [restartedMain] org.hibernate.tuple.PojoInstantiator     : HHH000182: No default (no-argument) constructor for class: kr.co.kmarket2.entity.MemberEntity (class must be instantiated by Interceptor)
2023-02-16 00:30:22.487  INFO 6540 --- [restartedMain] o.h.e.t.j.p.i.JtaPlatformInitiator       : HHH000490: Using JtaPlatform implementation: [org.hibernate.engine.transaction.jta.platform.internal.NoJtaPlatform]
2023-02-16 00:30:22.501  INFO 6540 --- [restartedMain] j.LocalContainerEntityManagerFactoryBean : Initialized JPA EntityManagerFactory for persistence unit 'default'
2023-02-16 00:30:23.060  WARN 6540 --- [restartedMain] .s.s.UserDetailsServiceAutoConfiguration : 

Using generated security password: d9a329e9-7696-4d40-a333-d24cd8800708

This generated password is for development use only. Your security configuration must be updated before running your application in production.

2023-02-16 00:30:23.145  INFO 6540 --- [restartedMain] o.s.s.web.DefaultSecurityFilterChain     : Will secure any request with [org.springframework.security.web.session.DisableEncodeUrlFilter@79bbe49b, org.springframework.security.web.context.request.async.WebAsyncManagerIntegrationFilter@3c843f3a, org.springframework.security.web.context.SecurityContextPersistenceFilter@686520ce, org.springframework.security.web.header.HeaderWriterFilter@79414371, org.springframework.security.web.authentication.logout.LogoutFilter@5a8e7504, org.springframework.security.web.savedrequest.RequestCacheAwareFilter@5edfbdac, org.springframework.security.web.servletapi.SecurityContextHolderAwareRequestFilter@10736b87, org.springframework.security.web.authentication.AnonymousAuthenticationFilter@650ae543, org.springframework.security.web.session.SessionManagementFilter@58d4d708, org.springframework.security.web.access.ExceptionTranslationFilter@f6c822, org.springframework.security.web.access.intercept.AuthorizationFilter@1e0b6e38]
2023-02-16 00:30:23.209  WARN 6540 --- [restartedMain] JpaBaseConfiguration$JpaWebConfiguration : spring.jpa.open-in-view is enabled by default. Therefore, database queries may be performed during view rendering. Explicitly configure spring.jpa.open-in-view to disable this warning
2023-02-16 00:30:23.350  INFO 6540 --- [restartedMain] o.s.b.a.w.s.WelcomePageHandlerMapping    : Adding welcome page template: index
2023-02-16 00:30:23.580  INFO 6540 --- [restartedMain] o.s.b.d.a.OptionalLiveReloadServer       : LiveReload server is running on port 35729
2023-02-16 00:30:23.625  INFO 6540 --- [restartedMain] o.s.b.w.embedded.tomcat.TomcatWebServer  : Tomcat started on port(s): 8080 (http) with context path '/kmarket2'
2023-02-16 00:30:23.638  INFO 6540 --- [restartedMain] kr.co.kmarket2.Kmarket2Application       : Started Kmarket2Application in 4.827 seconds (JVM running for 5.639)
2023-02-16 00:31:04.197  INFO 6540 --- [File Watcher] rtingClassPathChangeChangedEventListener : Restarting due to 1 class path change (0 additions, 0 deletions, 1 modification)
2023-02-16 00:31:04.216  INFO 6540 --- [Thread-5] o.apache.catalina.core.StandardService   : Stopping service [Tomcat]
2023-02-16 00:31:04.224  INFO 6540 --- [Thread-5] j.LocalContainerEntityManagerFactoryBean : Closing JPA EntityManagerFactory for persistence unit 'default'
2023-02-16 00:31:04.229  INFO 6540 --- [Thread-5] com.zaxxer.hikari.HikariDataSource       : HikariPool-1 - Shutdown initiated...
2023-02-16 00:31:04.236  INFO 6540 --- [Thread-5] com.zaxxer.hikari.HikariDataSource       : HikariPool-1 - Shutdown completed.
2023-02-16 00:31:04.301  INFO 6540 --- [restartedMain] kr.co.kmarket2.Kmarket2Application       : Starting Kmarket2Application using Java 17.0.5 on DESKTOP-2CD6ALJ with PID 6540 (G:\20221212pro\WorkSpace\SpringBoot\Kmarket2\target\classes started by yndgow in G:\20221212pro\WorkSpace\SpringBoot\Kmarket2)
2023-02-16 00:31:04.301  INFO 6540 --- [restartedMain] kr.co.kmarket2.Kmarket2Application       : No active profile set, falling back to 1 default profile: "default"
2023-02-16 00:31:04.495  INFO 6540 --- [restartedMain] .s.d.r.c.RepositoryConfigurationDelegate : Bootstrapping Spring Data JPA repositories in DEFAULT mode.
2023-02-16 00:31:04.510  INFO 6540 --- [restartedMain] .s.d.r.c.RepositoryConfigurationDelegate : Finished Spring Data repository scanning in 14 ms. Found 2 JPA repository interfaces.
2023-02-16 00:31:04.604  INFO 6540 --- [restartedMain] o.s.b.w.embedded.tomcat.TomcatWebServer  : Tomcat initialized with port(s): 8080 (http)
2023-02-16 00:31:04.605  INFO 6540 --- [restartedMain] o.apache.catalina.core.StandardService   : Starting service [Tomcat]
2023-02-16 00:31:04.605  INFO 6540 --- [restartedMain] org.apache.catalina.core.StandardEngine  : Starting Servlet engine: [Apache Tomcat/9.0.71]
2023-02-16 00:31:04.627  INFO 6540 --- [restartedMain] o.a.c.c.C.[.[localhost].[/kmarket2]      : Initializing Spring embedded WebApplicationContext
2023-02-16 00:31:04.628  INFO 6540 --- [restartedMain] w.s.c.ServletWebServerApplicationContext : Root WebApplicationContext: initialization completed in 325 ms
2023-02-16 00:31:04.661  INFO 6540 --- [restartedMain] o.hibernate.jpa.internal.util.LogHelper  : HHH000204: Processing PersistenceUnitInfo [name: default]
2023-02-16 00:31:04.665  INFO 6540 --- [restartedMain] com.zaxxer.hikari.HikariDataSource       : HikariPool-2 - Starting...
2023-02-16 00:31:04.746  INFO 6540 --- [restartedMain] com.zaxxer.hikari.HikariDataSource       : HikariPool-2 - Start completed.
2023-02-16 00:31:04.746  INFO 6540 --- [restartedMain] org.hibernate.dialect.Dialect            : HHH000400: Using dialect: org.hibernate.dialect.MySQL5InnoDBDialect
2023-02-16 00:31:04.787  INFO 6540 --- [restartedMain] org.hibernate.tuple.PojoInstantiator     : HHH000182: No default (no-argument) constructor for class: kr.co.kmarket2.entity.MemberEntity (class must be instantiated by Interceptor)
2023-02-16 00:31:05.003  INFO 6540 --- [restartedMain] o.h.e.t.j.p.i.JtaPlatformInitiator       : HHH000490: Using JtaPlatform implementation: [org.hibernate.engine.transaction.jta.platform.internal.NoJtaPlatform]
2023-02-16 00:31:05.003  INFO 6540 --- [restartedMain] j.LocalContainerEntityManagerFactoryBean : Initialized JPA EntityManagerFactory for persistence unit 'default'
2023-02-16 00:31:05.126  WARN 6540 --- [restartedMain] .s.s.UserDetailsServiceAutoConfiguration : 

Using generated security password: 6a38cbbd-45eb-4954-9aa6-63ecfa26af2d

This generated password is for development use only. Your security configuration must be updated before running your application in production.

2023-02-16 00:31:05.142  INFO 6540 --- [restartedMain] o.s.s.web.DefaultSecurityFilterChain     : Will secure any request with [org.springframework.security.web.session.DisableEncodeUrlFilter@18656e07, org.springframework.security.web.context.request.async.WebAsyncManagerIntegrationFilter@5575a39d, org.springframework.security.web.context.SecurityContextPersistenceFilter@3285e83e, org.springframework.security.web.header.HeaderWriterFilter@bd49648, org.springframework.security.web.authentication.logout.LogoutFilter@64052b15, org.springframework.security.web.savedrequest.RequestCacheAwareFilter@4da19143, org.springframework.security.web.servletapi.SecurityContextHolderAwareRequestFilter@62683869, org.springframework.security.web.authentication.AnonymousAuthenticationFilter@c690111, org.springframework.security.web.session.SessionManagementFilter@33f50b4f, org.springframework.security.web.access.ExceptionTranslationFilter@20bbfc19, org.springframework.security.web.access.intercept.AuthorizationFilter@6674afb]
2023-02-16 00:31:05.157  WARN 6540 --- [restartedMain] JpaBaseConfiguration$JpaWebConfiguration : spring.jpa.open-in-view is enabled by default. Therefore, database queries may be performed during view rendering. Explicitly configure spring.jpa.open-in-view to disable this warning
2023-02-16 00:31:05.355  INFO 6540 --- [restartedMain] o.s.b.a.w.s.WelcomePageHandlerMapping    : Adding welcome page template: index
2023-02-16 00:31:05.421  INFO 6540 --- [restartedMain] o.s.b.d.a.OptionalLiveReloadServer       : LiveReload server is running on port 35729
2023-02-16 00:31:05.434  INFO 6540 --- [restartedMain] o.s.b.w.embedded.tomcat.TomcatWebServer  : Tomcat started on port(s): 8080 (http) with context path '/kmarket2'
2023-02-16 00:31:05.447  INFO 6540 --- [restartedMain] kr.co.kmarket2.Kmarket2Application       : Started Kmarket2Application in 1.171 seconds (JVM running for 47.447)
2023-02-16 00:31:05.452  INFO 6540 --- [restartedMain] .ConditionEvaluationDeltaLoggingListener : Condition evaluation unchanged
2023-02-16 00:31:05.514  INFO 6540 --- [http-nio-8080-exec-1] o.a.c.c.C.[.[localhost].[/kmarket2]      : Initializing Spring DispatcherServlet 'dispatcherServlet'
2023-02-16 00:31:05.514  INFO 6540 --- [http-nio-8080-exec-1] o.s.web.servlet.DispatcherServlet        : Initializing Servlet 'dispatcherServlet'
2023-02-16 00:31:05.515  INFO 6540 --- [http-nio-8080-exec-1] o.s.web.servlet.DispatcherServlet        : Completed initialization in 1 ms
2023-02-16 00:44:18.260  INFO 6540 --- [File Watcher] rtingClassPathChangeChangedEventListener : Restarting due to 1 class path change (0 additions, 0 deletions, 1 modification)
2023-02-16 00:44:18.268  INFO 6540 --- [Thread-8] o.apache.catalina.core.StandardService   : Stopping service [Tomcat]
2023-02-16 00:44:18.269  INFO 6540 --- [Thread-8] o.a.c.c.C.[.[localhost].[/kmarket2]      : Destroying Spring FrameworkServlet 'dispatcherServlet'
2023-02-16 00:44:18.273  INFO 6540 --- [Thread-8] j.LocalContainerEntityManagerFactoryBean : Closing JPA EntityManagerFactory for persistence unit 'default'
2023-02-16 00:44:18.274  INFO 6540 --- [Thread-8] com.zaxxer.hikari.HikariDataSource       : HikariPool-2 - Shutdown initiated...
2023-02-16 00:44:18.276  INFO 6540 --- [Thread-8] com.zaxxer.hikari.HikariDataSource       : HikariPool-2 - Shutdown completed.
2023-02-16 00:44:18.341  INFO 6540 --- [restartedMain] kr.co.kmarket2.Kmarket2Application       : Starting Kmarket2Application using Java 17.0.5 on DESKTOP-2CD6ALJ with PID 6540 (G:\20221212pro\WorkSpace\SpringBoot\Kmarket2\target\classes started by yndgow in G:\20221212pro\WorkSpace\SpringBoot\Kmarket2)
2023-02-16 00:44:18.341  INFO 6540 --- [restartedMain] kr.co.kmarket2.Kmarket2Application       : No active profile set, falling back to 1 default profile: "default"
2023-02-16 00:44:18.488  INFO 6540 --- [restartedMain] .s.d.r.c.RepositoryConfigurationDelegate : Bootstrapping Spring Data JPA repositories in DEFAULT mode.
2023-02-16 00:44:18.499  INFO 6540 --- [restartedMain] .s.d.r.c.RepositoryConfigurationDelegate : Finished Spring Data repository scanning in 10 ms. Found 2 JPA repository interfaces.
2023-02-16 00:44:18.587  INFO 6540 --- [restartedMain] o.s.b.w.embedded.tomcat.TomcatWebServer  : Tomcat initialized with port(s): 8080 (http)
2023-02-16 00:44:18.588  INFO 6540 --- [restartedMain] o.apache.catalina.core.StandardService   : Starting service [Tomcat]
2023-02-16 00:44:18.588  INFO 6540 --- [restartedMain] org.apache.catalina.core.StandardEngine  : Starting Servlet engine: [Apache Tomcat/9.0.71]
2023-02-16 00:44:18.610  INFO 6540 --- [restartedMain] o.a.c.c.C.[.[localhost].[/kmarket2]      : Initializing Spring embedded WebApplicationContext
2023-02-16 00:44:18.610  INFO 6540 --- [restartedMain] w.s.c.ServletWebServerApplicationContext : Root WebApplicationContext: initialization completed in 267 ms
2023-02-16 00:44:18.647  INFO 6540 --- [restartedMain] o.hibernate.jpa.internal.util.LogHelper  : HHH000204: Processing PersistenceUnitInfo [name: default]
2023-02-16 00:44:18.651  INFO 6540 --- [restartedMain] com.zaxxer.hikari.HikariDataSource       : HikariPool-3 - Starting...
2023-02-16 00:44:18.741  INFO 6540 --- [restartedMain] com.zaxxer.hikari.HikariDataSource       : HikariPool-3 - Start completed.
2023-02-16 00:44:18.741  INFO 6540 --- [restartedMain] org.hibernate.dialect.Dialect            : HHH000400: Using dialect: org.hibernate.dialect.MySQL5InnoDBDialect
2023-02-16 00:44:18.782  INFO 6540 --- [restartedMain] org.hibernate.tuple.PojoInstantiator     : HHH000182: No default (no-argument) constructor for class: kr.co.kmarket2.entity.MemberEntity (class must be instantiated by Interceptor)
2023-02-16 00:44:19.016  INFO 6540 --- [restartedMain] o.h.e.t.j.p.i.JtaPlatformInitiator       : HHH000490: Using JtaPlatform implementation: [org.hibernate.engine.transaction.jta.platform.internal.NoJtaPlatform]
2023-02-16 00:44:19.016  INFO 6540 --- [restartedMain] j.LocalContainerEntityManagerFactoryBean : Initialized JPA EntityManagerFactory for persistence unit 'default'
2023-02-16 00:44:19.129  WARN 6540 --- [restartedMain] .s.s.UserDetailsServiceAutoConfiguration : 

Using generated security password: 4a99e1e2-078f-42dd-9514-e4bf5a82ef1f

This generated password is for development use only. Your security configuration must be updated before running your application in production.

2023-02-16 00:44:19.136  INFO 6540 --- [restartedMain] o.s.s.web.DefaultSecurityFilterChain     : Will secure any request with [org.springframework.security.web.session.DisableEncodeUrlFilter@31e25079, org.springframework.security.web.context.request.async.WebAsyncManagerIntegrationFilter@72a7dbf8, org.springframework.security.web.context.SecurityContextPersistenceFilter@5b419434, org.springframework.security.web.header.HeaderWriterFilter@125ba1e9, org.springframework.security.web.authentication.logout.LogoutFilter@63b032e2, org.springframework.security.web.savedrequest.RequestCacheAwareFilter@1fd1039d, org.springframework.security.web.servletapi.SecurityContextHolderAwareRequestFilter@504abd67, org.springframework.security.web.authentication.AnonymousAuthenticationFilter@44e45358, org.springframework.security.web.session.SessionManagementFilter@126c2105, org.springframework.security.web.access.ExceptionTranslationFilter@44d00089, org.springframework.security.web.access.intercept.AuthorizationFilter@74718b1d]
2023-02-16 00:44:19.151  WARN 6540 --- [restartedMain] JpaBaseConfiguration$JpaWebConfiguration : spring.jpa.open-in-view is enabled by default. Therefore, database queries may be performed during view rendering. Explicitly configure spring.jpa.open-in-view to disable this warning
2023-02-16 00:44:19.194  INFO 6540 --- [restartedMain] o.s.b.a.w.s.WelcomePageHandlerMapping    : Adding welcome page template: index
2023-02-16 00:44:19.253  INFO 6540 --- [restartedMain] o.s.b.d.a.OptionalLiveReloadServer       : LiveReload server is running on port 35729
2023-02-16 00:44:19.266  INFO 6540 --- [restartedMain] o.s.b.w.embedded.tomcat.TomcatWebServer  : Tomcat started on port(s): 8080 (http) with context path '/kmarket2'
2023-02-16 00:44:19.271  INFO 6540 --- [restartedMain] kr.co.kmarket2.Kmarket2Application       : Started Kmarket2Application in 0.954 seconds (JVM running for 841.271)
2023-02-16 00:44:19.274  INFO 6540 --- [restartedMain] .ConditionEvaluationDeltaLoggingListener : Condition evaluation unchanged
2023-02-16 00:44:19.277  INFO 6540 --- [http-nio-8080-exec-1] o.a.c.c.C.[.[localhost].[/kmarket2]      : Initializing Spring DispatcherServlet 'dispatcherServlet'
2023-02-16 00:44:19.277  INFO 6540 --- [http-nio-8080-exec-1] o.s.web.servlet.DispatcherServlet        : Initializing Servlet 'dispatcherServlet'
2023-02-16 00:44:19.279  INFO 6540 --- [http-nio-8080-exec-1] o.s.web.servlet.DispatcherServlet        : Completed initialization in 2 ms
2023-02-16 01:01:53.206  INFO 6540 --- [RMI TCP Connection(36)-127.0.0.1] inMXBeanRegistrar$SpringApplicationAdmin : Application shutdown requested.
2023-02-16 01:01:53.245  INFO 6540 --- [RMI TCP Connection(36)-127.0.0.1] o.apache.catalina.core.StandardService   : Stopping service [Tomcat]
2023-02-16 01:01:53.246  INFO 6540 --- [RMI TCP Connection(36)-127.0.0.1] o.a.c.c.C.[.[localhost].[/kmarket2]      : Destroying Spring FrameworkServlet 'dispatcherServlet'
2023-02-16 01:01:53.250  INFO 6540 --- [RMI TCP Connection(36)-127.0.0.1] j.LocalContainerEntityManagerFactoryBean : Closing JPA EntityManagerFactory for persistence unit 'default'
2023-02-16 01:01:53.250  INFO 6540 --- [RMI TCP Connection(36)-127.0.0.1] com.zaxxer.hikari.HikariDataSource       : HikariPool-3 - Shutdown initiated...
2023-02-16 01:01:53.253  INFO 6540 --- [RMI TCP Connection(36)-127.0.0.1] com.zaxxer.hikari.HikariDataSource       : HikariPool-3 - Shutdown completed.
